  [1m[35m (158.3ms)[0m  [1m[35mCREATE DATABASE "tweeter_app_api_development" ENCODING = 'unicode'[0m
  [1m[35m (144.7ms)[0m  [1m[35mCREATE DATABASE "tweeter_app_api_test" ENCODING = 'unicode'[0m
  [1m[35m (8.2ms)[0m  [1m[35mCREATE TABLE "schema_migrations" ("version" character varying NOT NULL PRIMARY KEY)[0m
  [1m[35m (7.0ms)[0m  [1m[35mCREATE TABLE "ar_internal_metadata" ("key" character varying NOT NULL PRIMARY KEY, "value" character varying, "created_at" timestamp(6) NOT NULL, "updated_at" timestamp(6) NOT NULL)[0m
  [1m[35m (0.5ms)[0m  [1m[34mSELECT pg_try_advisory_lock(1344325399035759420)[0m
  [1m[35m (0.7ms)[0m  [1m[34mSELECT "schema_migrations"."version" FROM "schema_migrations" ORDER BY "schema_migrations"."version" ASC[0m
Migrating to CreateTweets (20200427194450)
  [1m[35m (0.3ms)[0m  [1m[35mBEGIN[0m
  [1m[35m (9.1ms)[0m  [1m[35mCREATE TABLE "tweets" ("id" bigserial primary key, "title" character varying, "content" text, "author" character varying)[0m
  [1m[36mprimary::SchemaMigration Create (0.7ms)[0m  [1m[32mINSERT INTO "schema_migrations" ("version") VALUES ($1) RETURNING "version"[0m  [["version", "20200427194450"]]
  [1m[35m (0.5ms)[0m  [1m[35mCOMMIT[0m
  [1m[36mActiveRecord::InternalMetadata Load (1.1ms)[0m  [1m[34mSELECT "ar_internal_metadata".* FROM "ar_internal_metadata" WHERE "ar_internal_metadata"."key" = $1 LIMIT $2[0m  [["key", "environment"], ["LIMIT", 1]]
  [1m[35m (0.4ms)[0m  [1m[35mBEGIN[0m
  [1m[36mActiveRecord::InternalMetadata Create (1.2ms)[0m  [1m[32mINSERT INTO "ar_internal_metadata" ("key", "value", "created_at", "updated_at") VALUES ($1, $2, $3, $4) RETURNING "key"[0m  [["key", "environment"], ["value", "development"], ["created_at", "2020-04-27 19:46:55.729879"], ["updated_at", "2020-04-27 19:46:55.729879"]]
  [1m[35m (0.4ms)[0m  [1m[35mCOMMIT[0m
  [1m[35m (0.7ms)[0m  [1m[34mSELECT pg_advisory_unlock(1344325399035759420)[0m
  [1m[35m (1.7ms)[0m  [1m[34mSELECT "schema_migrations"."version" FROM "schema_migrations" ORDER BY "schema_migrations"."version" ASC[0m
  [1m[35m (1.1ms)[0m  [1m[34mSELECT "schema_migrations"."version" FROM "schema_migrations" ORDER BY "schema_migrations"."version" ASC[0m
  [1m[35m (0.2ms)[0m  [1m[35mBEGIN[0m
  [1m[36mTweet Create (1.0ms)[0m  [1m[32mINSERT INTO "tweets" ("title", "content", "author") VALUES ($1, $2, $3) RETURNING "id"[0m  [["title", "Just found this"], ["content", "the square of the hypotenuse is equal to the sum of the squares of the other two sides"], ["author", "Pythagoras570"]]
  [1m[35m (0.6ms)[0m  [1m[35mCOMMIT[0m
  [1m[35m (0.2ms)[0m  [1m[35mBEGIN[0m
  [1m[36mTweet Create (0.3ms)[0m  [1m[32mINSERT INTO "tweets" ("title", "content", "author") VALUES ($1, $2, $3) RETURNING "id"[0m  [["title", "I'm walkin' here"], ["content", "Hey, I'm walkin' here!"], ["author", "Nicky62"]]
  [1m[35m (0.5ms)[0m  [1m[35mCOMMIT[0m
  [1m[36mTweet Load (0.5ms)[0m  [1m[34mSELECT "tweets".* FROM "tweets" LIMIT $1[0m  [["LIMIT", 11]]
Started GET "/" for ::1 at 2020-04-27 19:38:42 -0700
  [1m[35m (1.6ms)[0m  [1m[34mSELECT "schema_migrations"."version" FROM "schema_migrations" ORDER BY "schema_migrations"."version" ASC[0m
Processing by Rails::WelcomeController#index as HTML
  Rendering /Library/Ruby/Gems/2.6.0/gems/railties-6.0.2.2/lib/rails/templates/rails/welcome/index.html.erb
  Rendered /Library/Ruby/Gems/2.6.0/gems/railties-6.0.2.2/lib/rails/templates/rails/welcome/index.html.erb (Duration: 16.4ms | Allocations: 478)
Completed 200 OK in 40ms (Views: 31.7ms | ActiveRecord: 0.0ms | Allocations: 2620)


Started GET "/favicon.ico" for ::1 at 2020-04-27 19:38:43 -0700
  
ActionController::RoutingError (No route matches [GET] "/favicon.ico"):
  
actionpack (6.0.2.2) lib/action_dispatch/middleware/debug_exceptions.rb:36:in `call'
actionpack (6.0.2.2) lib/action_dispatch/middleware/show_exceptions.rb:33:in `call'
railties (6.0.2.2) lib/rails/rack/logger.rb:38:in `call_app'
railties (6.0.2.2) lib/rails/rack/logger.rb:26:in `block in call'
activesupport (6.0.2.2) lib/active_support/tagged_logging.rb:80:in `block in tagged'
activesupport (6.0.2.2) lib/active_support/tagged_logging.rb:28:in `tagged'
activesupport (6.0.2.2) lib/active_support/tagged_logging.rb:80:in `tagged'
railties (6.0.2.2) lib/rails/rack/logger.rb:26:in `call'
actionpack (6.0.2.2) lib/action_dispatch/middleware/remote_ip.rb:81:in `call'
actionpack (6.0.2.2) lib/action_dispatch/middleware/request_id.rb:27:in `call'
rack (2.2.2) lib/rack/runtime.rb:22:in `call'
activesupport (6.0.2.2) lib/active_support/cache/strategy/local_cache_middleware.rb:29:in `call'
actionpack (6.0.2.2) lib/action_dispatch/middleware/executor.rb:14:in `call'
actionpack (6.0.2.2) lib/action_dispatch/middleware/static.rb:126:in `call'
rack (2.2.2) lib/rack/sendfile.rb:110:in `call'
actionpack (6.0.2.2) lib/action_dispatch/middleware/host_authorization.rb:83:in `call'
railties (6.0.2.2) lib/rails/engine.rb:526:in `call'
puma (4.3.3) lib/puma/configuration.rb:228:in `call'
puma (4.3.3) lib/puma/server.rb:682:in `handle_request'
puma (4.3.3) lib/puma/server.rb:472:in `process_client'
puma (4.3.3) lib/puma/server.rb:328:in `block in run'
puma (4.3.3) lib/puma/thread_pool.rb:134:in `block in spawn_thread'
Started GET "/tweets" for ::1 at 2020-04-27 19:38:52 -0700
Processing by TweetsController#index as HTML
  [1m[36mTweet Load (1.3ms)[0m  [1m[34mSELECT "tweets".* FROM "tweets"[0m
  ↳ app/controllers/tweets_controller.rb:5:in `index'
Completed 200 OK in 32ms (Views: 15.3ms | ActiveRecord: 12.9ms | Allocations: 4211)


Started GET "/tweets/2" for ::1 at 2020-04-27 19:39:00 -0700
Processing by TweetsController#show as HTML
  Parameters: {"id"=>"2"}
  [1m[36mTweet Load (0.4ms)[0m  [1m[34mSELECT "tweets".* FROM "tweets" WHERE "tweets"."id" = $1 LIMIT $2[0m  [["id", 2], ["LIMIT", 1]]
  ↳ app/controllers/tweets_controller.rb:9:in `show'
Completed 200 OK in 10ms (Views: 2.3ms | ActiveRecord: 0.7ms | Allocations: 1141)


Started GET "/tweets" for ::1 at 2020-04-28 21:18:07 -0700
  [1m[35m (2.0ms)[0m  [1m[34mSELECT "schema_migrations"."version" FROM "schema_migrations" ORDER BY "schema_migrations"."version" ASC[0m
Processing by TweetsController#index as HTML
  [1m[36mTweet Load (4.4ms)[0m  [1m[34mSELECT "tweets".* FROM "tweets"[0m
  ↳ app/controllers/tweets_controller.rb:5:in `index'
Completed 200 OK in 52ms (Views: 8.8ms | ActiveRecord: 40.1ms | Allocations: 4131)


Started POST "/tweets" for ::1 at 2020-04-28 21:18:59 -0700
Processing by TweetsController#create as */*
  Parameters: {"title"=>"new", "content"=>"ramon sucks", "author"=>"robby"}
Completed 500 Internal Server Error in 0ms (ActiveRecord: 0.0ms | Allocations: 109)


  
ArgumentError (wrong number of arguments (given 2, expected 1)):
  
app/controllers/tweets_controller.rb:26:in `tweet_params'
app/controllers/tweets_controller.rb:14:in `create'
Started GET "/tweets" for ::1 at 2020-04-28 21:19:41 -0700
Processing by TweetsController#index as HTML
  [1m[36mTweet Load (1.8ms)[0m  [1m[34mSELECT "tweets".* FROM "tweets"[0m
  ↳ app/controllers/tweets_controller.rb:5:in `index'
Completed 200 OK in 5ms (Views: 2.9ms | ActiveRecord: 1.8ms | Allocations: 1024)


Started GET "/tweets" for ::1 at 2020-04-28 21:21:13 -0700
Processing by TweetsController#index as HTML
  [1m[36mTweet Load (0.4ms)[0m  [1m[34mSELECT "tweets".* FROM "tweets"[0m
  ↳ app/controllers/tweets_controller.rb:5:in `index'
Completed 200 OK in 30ms (Views: 15.8ms | ActiveRecord: 10.4ms | Allocations: 3766)


Started POST "/tweets" for ::1 at 2020-04-28 21:21:27 -0700
Processing by TweetsController#create as */*
  Parameters: {"title"=>"new", "content"=>"ramon sucks", "author"=>"robby"}
Completed 400 Bad Request in 2ms (ActiveRecord: 0.0ms | Allocations: 426)


  
ActionController::ParameterMissing (param is missing or the value is empty: tweet):
  
app/controllers/tweets_controller.rb:26:in `tweet_params'
app/controllers/tweets_controller.rb:14:in `create'
Started POST "/tweets" for ::1 at 2020-04-28 21:23:20 -0700
Processing by TweetsController#create as */*
  Parameters: {"title"=>"new", "content"=>"ramon sucks", "author"=>"robby"}
Completed 400 Bad Request in 3ms (ActiveRecord: 0.0ms | Allocations: 418)


  
ActionController::ParameterMissing (param is missing or the value is empty: tweet):
  
app/controllers/tweets_controller.rb:26:in `tweet_params'
app/controllers/tweets_controller.rb:14:in `create'
Started POST "/tweets" for ::1 at 2020-04-28 21:25:11 -0700
Processing by TweetsController#create as */*
  Parameters: {"title"=>"new", "content"=>"ramon sucks", "author"=>"robby"}
Completed 400 Bad Request in 3ms (ActiveRecord: 0.0ms | Allocations: 411)


  
ActionController::ParameterMissing (param is missing or the value is empty: tweet):
  
app/controllers/tweets_controller.rb:26:in `tweet_params'
app/controllers/tweets_controller.rb:14:in `create'
Started POST "/tweets" for ::1 at 2020-04-28 21:26:21 -0700
Processing by TweetsController#create as */*
  Parameters: {"tweet"=>{"title"=>"new", "content"=>"ramon sucks", "author"=>"robby"}}
  [1m[35m (30.4ms)[0m  [1m[35mBEGIN[0m
  ↳ app/controllers/tweets_controller.rb:16:in `create'
  [1m[36mTweet Create (39.3ms)[0m  [1m[32mINSERT INTO "tweets" ("title", "content", "author") VALUES ($1, $2, $3) RETURNING "id"[0m  [["title", "new"], ["content", "ramon sucks"], ["author", "robby"]]
  ↳ app/controllers/tweets_controller.rb:16:in `create'
  [1m[35m (17.8ms)[0m  [1m[35mCOMMIT[0m
  ↳ app/controllers/tweets_controller.rb:16:in `create'
Completed 201 Created in 114ms (Views: 0.5ms | ActiveRecord: 98.6ms | Allocations: 4837)


Started PUT "/tweets/3" for ::1 at 2020-04-28 21:49:38 -0700
Processing by TweetsController#update as */*
  Parameters: {"tweet"=>{"title"=>"new", "content"=>"ramon sucks", "author"=>"armando"}, "id"=>"3"}
  [1m[36mTweet Load (1.6ms)[0m  [1m[34mSELECT "tweets".* FROM "tweets" WHERE "tweets"."id" = $1 LIMIT $2[0m  [["id", 3], ["LIMIT", 1]]
  ↳ app/controllers/tweets_controller.rb:24:in `update'
Completed 500 Internal Server Error in 108ms (ActiveRecord: 1.9ms | Allocations: 3735)


  
ActiveModel::UnknownAttributeError (unknown attribute 'tweet' for Tweet.):
  
app/controllers/tweets_controller.rb:25:in `update'
Started PUT "/tweets/3" for ::1 at 2020-04-28 21:51:06 -0700
Processing by TweetsController#update as */*
  Parameters: {"tweet"=>{"title"=>"new", "content"=>"ramon sucks", "author"=>"armando"}, "id"=>"3"}
  [1m[36mTweet Load (1.0ms)[0m  [1m[34mSELECT "tweets".* FROM "tweets" WHERE "tweets"."id" = $1 LIMIT $2[0m  [["id", 3], ["LIMIT", 1]]
  ↳ app/controllers/tweets_controller.rb:24:in `update'
  [1m[35m (0.3ms)[0m  [1m[35mBEGIN[0m
  ↳ app/controllers/tweets_controller.rb:25:in `update'
  [1m[36mTweet Update (1.2ms)[0m  [1m[33mUPDATE "tweets" SET "author" = $1 WHERE "tweets"."id" = $2[0m  [["author", "armando"], ["id", 3]]
  ↳ app/controllers/tweets_controller.rb:25:in `update'
  [1m[35m (27.9ms)[0m  [1m[35mCOMMIT[0m
  ↳ app/controllers/tweets_controller.rb:25:in `update'
Completed 200 OK in 150ms (Views: 0.4ms | ActiveRecord: 113.6ms | Allocations: 5694)


Started DELETE "/tweets/3" for ::1 at 2020-04-28 21:51:15 -0700
Processing by TweetsController#destroy as */*
  Parameters: {"tweet"=>{"title"=>"new", "content"=>"ramon sucks", "author"=>"armando"}, "id"=>"3"}
  [1m[36mTweet Load (1.1ms)[0m  [1m[34mSELECT "tweets".* FROM "tweets" WHERE "tweets"."id" = $1 LIMIT $2[0m  [["id", 3], ["LIMIT", 1]]
  ↳ app/controllers/tweets_controller.rb:30:in `destroy'
  [1m[35m (4.6ms)[0m  [1m[35mBEGIN[0m
  ↳ app/controllers/tweets_controller.rb:30:in `destroy'
  [1m[36mTweet Destroy (0.8ms)[0m  [1m[31mDELETE FROM "tweets" WHERE "tweets"."id" = $1[0m  [["id", 3]]
  ↳ app/controllers/tweets_controller.rb:30:in `destroy'
  [1m[35m (0.9ms)[0m  [1m[35mCOMMIT[0m
  ↳ app/controllers/tweets_controller.rb:30:in `destroy'
Completed 204 No Content in 12ms (Views: 0.2ms | ActiveRecord: 7.4ms | Allocations: 2275)


